PLUMED: PLUMED is starting
PLUMED: Version: 2.7.5 (git: 6e73352f7) compiled on May  9 2023 at 05:39:21
PLUMED: Please cite these papers when using PLUMED [1][2]
PLUMED: For further information see the PLUMED web page at http://www.plumed.org
PLUMED: Root: /home/jovyan/local/lib/plumed
PLUMED: For installed feature, see /home/jovyan/local/lib/plumed/src/config/config.txt
PLUMED: Molecular dynamics engine: LAMMPS
PLUMED: Precision of reals: 8
PLUMED: Running over 1 node
PLUMED: Number of threads: 1
PLUMED: Cache line size: 512
PLUMED: Number of atoms: 31
PLUMED: File suffix: 
PLUMED: FILE: input/plumed.dat
PLUMED: Action UNITS
PLUMED:   with label @0
PLUMED:   length: A = 0.1 nm
PLUMED:   energy: eV = 96.4853 kj/mol
PLUMED:   time: ps
PLUMED:   charge: e
PLUMED:   mass: amu
PLUMED:   using physical units
PLUMED:   inside PLUMED, Boltzmann constant is 8.61733e-05
PLUMED: Action DISTANCE
PLUMED:   with label d1
PLUMED:   between atoms 2 19
PLUMED:   using periodic boundary conditions
PLUMED: Action METAD
PLUMED:   with label metad
PLUMED:   with arguments d1
PLUMED:   added component to this action:  metad.bias 
PLUMED:   Gaussian width  0.200000  Gaussian height 0.020000
PLUMED:   Gaussian deposition pace 200
PLUMED:   Gaussian file output/HILLS
PLUMED:   Well-Tempered Bias Factor 20.000000
PLUMED:   Hills relaxation time (tau) 4.911881
PLUMED:   KbT 0.025852
PLUMED:   Grid min 0.5
PLUMED:   Grid max 6
PLUMED:   Grid bin 100
PLUMED:   Grid uses spline interpolation
PLUMED:   added component to this action:  metad.rbias 
PLUMED:   added component to this action:  metad.rct 
PLUMED:   The c(t) reweighting factor will be calculated every 1 hills
PLUMED:   added component to this action:  metad.work 
PLUMED:   Bibliography [3][4][5]
PLUMED: Action UPPER_WALLS
PLUMED:   with label uwall
PLUMED:   with arguments d1
PLUMED:   added component to this action:  uwall.bias 
PLUMED:   at 5.000000
PLUMED:   with an offset 0.000000
PLUMED:   with force constant 20.000000
PLUMED:   and exponent 4.000000
PLUMED:   rescaled 1.000000
PLUMED:   added component to this action:  uwall.force2 
PLUMED: Action PRINT
PLUMED:   with label @4
PLUMED:   with stride 100
PLUMED:   with arguments d1 metad.bias metad.rbias metad.rct metad.work uwall.bias uwall.force2
PLUMED:   on file output/COLVARS
PLUMED:   with format  %f
PLUMED: END FILE: input/plumed.dat
PLUMED: Timestep: 0.001000
PLUMED: KbT has not been set by the MD engine
PLUMED: It should be set by hand where needed
PLUMED: Relevant bibliography:
PLUMED:   [1] The PLUMED consortium, Nat. Methods 16, 670 (2019)
PLUMED:   [2] Tribello, Bonomi, Branduardi, Camilloni, and Bussi, Comput. Phys. Commun. 185, 604 (2014)
PLUMED:   [3] Laio and Parrinello, PNAS 99, 12562 (2002)
PLUMED:   [4] Barducci, Bussi, and Parrinello, Phys. Rev. Lett. 100, 020603 (2008)
PLUMED:   [5] Pratyush and Parrinello, J. Phys. Chem. B, 119, 736 (2015)
PLUMED: Please read and cite where appropriate!
PLUMED: Finished setup
PLUMED:                                               Cycles        Total      Average      Minimum      Maximum
PLUMED:                                                    1    33.770468    33.770468    33.770468    33.770468
PLUMED: 1 Prepare dependencies                        500001     2.295999     0.000005     0.000002     0.006383
PLUMED: 2 Sharing data                                500001     1.088020     0.000002     0.000001     0.003396
PLUMED: 3 Waiting for data                            500001     0.613186     0.000001     0.000001     0.006061
PLUMED: 4 Calculating (forward loop)                  500001    16.936433     0.000034     0.000025     0.009127
PLUMED: 5 Applying (backward loop)                    500001     3.174627     0.000006     0.000004     0.007210
PLUMED: 6 Update                                      500001     1.427059     0.000003     0.000002     0.007474
