       Step     Time          Energy         fmax
*Force-consistent energies used in optimization.
LBFGS:    0 02:21:27     -139.285597*       0.0086
       Step     Time          Energy         fmax
*Force-consistent energies used in optimization.
LBFGS:    0 07:55:06     -128.025514*       5.8110
LBFGS:    1 07:55:06     -128.762053*       4.5757
LBFGS:    2 07:55:06     -129.253807*       1.8643
LBFGS:    3 07:55:07     -129.511368*       1.2911
LBFGS:    4 07:55:07     -129.695331*       0.9686
LBFGS:    5 07:55:07     -129.856096*       1.1477
LBFGS:    6 07:55:07     -130.052295*       0.9653
LBFGS:    7 07:55:07     -130.269117*       1.0400
LBFGS:    8 07:55:07     -130.441859*       1.0182
LBFGS:    9 07:55:07     -130.598050*       0.9722
LBFGS:   10 07:55:07     -130.772284*       1.1221
LBFGS:   11 07:55:07     -130.996586*       1.2814
LBFGS:   12 07:55:07     -131.245855*       1.6031
LBFGS:   13 07:55:07     -131.538458*       1.7689
LBFGS:   14 07:55:07     -131.849640*       1.6554
LBFGS:   15 07:55:07     -132.136161*       1.2736
LBFGS:   16 07:55:07     -132.384027*       1.1459
LBFGS:   17 07:55:08     -132.535616*       0.9550
LBFGS:   18 07:55:08     -132.613173*       0.6185
LBFGS:   19 07:55:08     -132.686907*       0.6591
LBFGS:   20 07:55:08     -132.767269*       0.7526
LBFGS:   21 07:55:08     -132.880631*       0.6595
LBFGS:   22 07:55:08     -132.959887*       0.6314
LBFGS:   23 07:55:08     -133.044271*       0.6459
LBFGS:   24 07:55:08     -133.126958*       0.6824
LBFGS:   25 07:55:08     -133.239759*       0.7228
LBFGS:   26 07:55:08     -133.360050*       0.8166
LBFGS:   27 07:55:08     -133.467985*       0.6149
LBFGS:   28 07:55:08     -133.567656*       0.6319
LBFGS:   29 07:55:08     -133.673982*       0.7550
LBFGS:   30 07:55:08     -133.809494*       0.8864
LBFGS:   31 07:55:08     -133.974644*       0.9279
LBFGS:   32 07:55:08     -134.171144*       1.0098
LBFGS:   33 07:55:09     -134.357700*       1.1087
LBFGS:   34 07:55:09     -134.532602*       1.0360
LBFGS:   35 07:55:09     -134.674172*       1.0409
LBFGS:   36 07:55:09     -134.858530*       1.1872
LBFGS:   37 07:55:09     -135.017859*       0.9140
LBFGS:   38 07:55:09     -135.184796*       0.9758
LBFGS:   39 07:55:09     -135.303530*       0.9774
LBFGS:   40 07:55:09     -135.431705*       0.7167
LBFGS:   41 07:55:09     -135.527616*       0.6969
LBFGS:   42 07:55:09     -135.613196*       0.5594
LBFGS:   43 07:55:09     -135.680689*       0.6300
LBFGS:   44 07:55:09     -135.726359*       0.3647
LBFGS:   45 07:55:09     -135.756305*       0.3813
LBFGS:   46 07:55:10     -135.784571*       0.2499
LBFGS:   47 07:55:10     -135.804665*       0.2847
LBFGS:   48 07:55:10     -135.821825*       0.3065
LBFGS:   49 07:55:10     -135.837186*       0.2777
LBFGS:   50 07:55:10     -135.852340*       0.2334
LBFGS:   51 07:55:10     -135.867659*       0.2894
LBFGS:   52 07:55:10     -135.884882*       0.3184
LBFGS:   53 07:55:10     -135.905910*       0.3251
LBFGS:   54 07:55:10     -135.932393*       0.3602
LBFGS:   55 07:55:10     -135.964119*       0.4877
LBFGS:   56 07:55:10     -135.999534*       0.6047
LBFGS:   57 07:55:10     -136.038883*       0.5822
LBFGS:   58 07:55:10     -136.084451*       0.6490
LBFGS:   59 07:55:10     -136.150865*       0.5636
LBFGS:   60 07:55:10     -136.221622*       1.0825
LBFGS:   61 07:55:11     -136.323822*       0.8963
LBFGS:   62 07:55:11     -136.394018*       1.5674
LBFGS:   63 07:55:11     -136.593743*       0.8475
LBFGS:   64 07:55:11     -136.752432*       1.0152
LBFGS:   65 07:55:11     -136.967568*       1.0183
LBFGS:   66 07:55:11     -137.107417*       1.4502
LBFGS:   67 07:55:11     -137.020958*       4.3791
LBFGS:   68 07:55:11     -137.226168*       1.3240
LBFGS:   69 07:55:11     -137.218763*       1.3499
LBFGS:   70 07:55:11     -137.345891*       0.5306
LBFGS:   71 07:55:11     -137.390544*       0.6934
LBFGS:   72 07:55:11     -137.478488*       0.7686
LBFGS:   73 07:55:11     -137.642168*       0.8338
LBFGS:   74 07:55:11     -137.772925*       0.6969
LBFGS:   75 07:55:11     -137.870947*       1.0274
LBFGS:   76 07:55:12     -137.979488*       1.3581
LBFGS:   77 07:55:12     -138.073296*       0.6514
LBFGS:   78 07:55:12     -138.169864*       0.9841
LBFGS:   79 07:55:12     -138.236050*       0.5002
LBFGS:   80 07:55:12     -138.280447*       0.3967
LBFGS:   81 07:55:12     -138.314463*       0.3219
LBFGS:   82 07:55:12     -138.344283*       0.2980
LBFGS:   83 07:55:12     -138.376722*       0.4115
LBFGS:   84 07:55:12     -138.408472*       0.3550
LBFGS:   85 07:55:12     -138.435233*       0.3519
LBFGS:   86 07:55:12     -138.459056*       0.3094
LBFGS:   87 07:55:12     -138.477814*       0.2309
LBFGS:   88 07:55:12     -138.489967*       0.2288
LBFGS:   89 07:55:12     -138.498786*       0.2702
LBFGS:   90 07:55:12     -138.508756*       0.2385
LBFGS:   91 07:55:13     -138.520400*       0.1917
LBFGS:   92 07:55:13     -138.529704*       0.1649
LBFGS:   93 07:55:13     -138.537566*       0.1440
LBFGS:   94 07:55:13     -138.544676*       0.1432
LBFGS:   95 07:55:13     -138.551536*       0.1768
LBFGS:   96 07:55:13     -138.557760*       0.1516
LBFGS:   97 07:55:13     -138.563316*       0.1655
LBFGS:   98 07:55:13     -138.569134*       0.1899
LBFGS:   99 07:55:13     -138.576553*       0.2107
LBFGS:  100 07:55:13     -138.587356*       0.2141
LBFGS:  101 07:55:13     -138.602885*       0.2576
LBFGS:  102 07:55:13     -138.622576*       0.3490
LBFGS:  103 07:55:14     -138.641714*       0.2949
LBFGS:  104 07:55:14     -138.659536*       0.2490
LBFGS:  105 07:55:14     -138.674850*       0.3710
LBFGS:  106 07:55:14     -138.690258*       0.3090
LBFGS:  107 07:55:14     -138.705769*       0.1939
LBFGS:  108 07:55:14     -138.714067*       0.1486
LBFGS:  109 07:55:14     -138.721587*       0.1538
LBFGS:  110 07:55:14     -138.727535*       0.1451
LBFGS:  111 07:55:14     -138.734026*       0.1791
LBFGS:  112 07:55:14     -138.741022*       0.1771
LBFGS:  113 07:55:14     -138.748097*       0.1569
LBFGS:  114 07:55:14     -138.754042*       0.1306
LBFGS:  115 07:55:14     -138.760092*       0.1516
LBFGS:  116 07:55:15     -138.767475*       0.1710
LBFGS:  117 07:55:15     -138.775789*       0.2103
LBFGS:  118 07:55:15     -138.782720*       0.1783
LBFGS:  119 07:55:15     -138.789526*       0.1831
LBFGS:  120 07:55:15     -138.794776*       0.1517
LBFGS:  121 07:55:15     -138.799852*       0.1179
LBFGS:  122 07:55:15     -138.803723*       0.1083
LBFGS:  123 07:55:15     -138.808265*       0.1548
LBFGS:  124 07:55:15     -138.812873*       0.1803
LBFGS:  125 07:55:15     -138.818939*       0.1790
LBFGS:  126 07:55:15     -138.826237*       0.1493
LBFGS:  127 07:55:15     -138.834901*       0.1534
LBFGS:  128 07:55:16     -138.843417*       0.2517
LBFGS:  129 07:55:16     -138.848756*       0.1435
LBFGS:  130 07:55:16     -138.853851*       0.1339
LBFGS:  131 07:55:16     -138.857552*       0.1359
LBFGS:  132 07:55:16     -138.861767*       0.1125
LBFGS:  133 07:55:16     -138.865396*       0.1352
LBFGS:  134 07:55:16     -138.870739*       0.1565
LBFGS:  135 07:55:16     -138.879095*       0.1908
LBFGS:  136 07:55:16     -138.894641*       0.3050
LBFGS:  137 07:55:16     -138.926525*       0.7540
LBFGS:  138 07:55:16     -138.929460*       0.7809
LBFGS:  139 07:55:16     -138.958046*       1.0721
LBFGS:  140 07:55:16     -138.979911*       0.7650
LBFGS:  141 07:55:17     -139.060900*       0.5685
LBFGS:  142 07:55:17     -139.087344*       0.4875
LBFGS:  143 07:55:17     -139.124252*       0.3051
LBFGS:  144 07:55:17     -139.148411*       0.1862
LBFGS:  145 07:55:17     -139.159883*       0.2523
LBFGS:  146 07:55:17     -139.167984*       0.2604
LBFGS:  147 07:55:17     -139.177984*       0.2438
LBFGS:  148 07:55:17     -139.182032*       0.1199
LBFGS:  149 07:55:17     -139.186236*       0.1103
LBFGS:  150 07:55:17     -139.190022*       0.1069
LBFGS:  151 07:55:18     -139.193094*       0.0963
LBFGS:  152 07:55:18     -139.196654*       0.0803
LBFGS:  153 07:55:18     -139.199267*       0.0923
LBFGS:  154 07:55:18     -139.201397*       0.0944
LBFGS:  155 07:55:18     -139.203758*       0.0962
LBFGS:  156 07:55:18     -139.206946*       0.1098
LBFGS:  157 07:55:18     -139.210484*       0.1278
LBFGS:  158 07:55:18     -139.213855*       0.1305
LBFGS:  159 07:55:18     -139.216996*       0.1150
LBFGS:  160 07:55:18     -139.220239*       0.1061
LBFGS:  161 07:55:18     -139.223695*       0.0997
LBFGS:  162 07:55:18     -139.226752*       0.0959
LBFGS:  163 07:55:19     -139.229059*       0.1097
LBFGS:  164 07:55:19     -139.230862*       0.0881
LBFGS:  165 07:55:19     -139.232501*       0.0700
LBFGS:  166 07:55:19     -139.234089*       0.0666
LBFGS:  167 07:55:19     -139.235684*       0.0981
LBFGS:  168 07:55:19     -139.237196*       0.1130
LBFGS:  169 07:55:19     -139.238705*       0.0858
LBFGS:  170 07:55:19     -139.240144*       0.0809
LBFGS:  171 07:55:19     -139.241576*       0.0801
LBFGS:  172 07:55:19     -139.242939*       0.0973
LBFGS:  173 07:55:19     -139.244269*       0.0996
LBFGS:  174 07:55:19     -139.245387*       0.0634
LBFGS:  175 07:55:19     -139.246189*       0.0459
LBFGS:  176 07:55:20     -139.246713*       0.0382
LBFGS:  177 07:55:20     -139.247183*       0.0399
LBFGS:  178 07:55:20     -139.247628*       0.0438
LBFGS:  179 07:55:20     -139.248121*       0.0516
LBFGS:  180 07:55:20     -139.248622*       0.0489
LBFGS:  181 07:55:20     -139.249147*       0.0481
LBFGS:  182 07:55:20     -139.249665*       0.0430
LBFGS:  183 07:55:20     -139.250101*       0.0503
LBFGS:  184 07:55:20     -139.250486*       0.0507
LBFGS:  185 07:55:20     -139.250852*       0.0434
LBFGS:  186 07:55:20     -139.251264*       0.0378
LBFGS:  187 07:55:20     -139.251691*       0.0353
LBFGS:  188 07:55:20     -139.252130*       0.0393
LBFGS:  189 07:55:21     -139.252630*       0.0399
LBFGS:  190 07:55:21     -139.253241*       0.0468
LBFGS:  191 07:55:21     -139.254021*       0.0483
LBFGS:  192 07:55:21     -139.254825*       0.0576
LBFGS:  193 07:55:21     -139.255591*       0.0597
LBFGS:  194 07:55:21     -139.256318*       0.0547
LBFGS:  195 07:55:21     -139.257083*       0.0498
LBFGS:  196 07:55:21     -139.257844*       0.0489
LBFGS:  197 07:55:21     -139.258560*       0.0513
LBFGS:  198 07:55:21     -139.259178*       0.0490
LBFGS:  199 07:55:21     -139.259830*       0.0431
LBFGS:  200 07:55:21     -139.260438*       0.0394
LBFGS:  201 07:55:21     -139.260972*       0.0455
LBFGS:  202 07:55:21     -139.261446*       0.0479
LBFGS:  203 07:55:22     -139.262076*       0.0532
LBFGS:  204 07:55:22     -139.262855*       0.0695
LBFGS:  205 07:55:22     -139.263636*       0.0687
LBFGS:  206 07:55:22     -139.264274*       0.0527
LBFGS:  207 07:55:22     -139.264859*       0.0457
LBFGS:  208 07:55:22     -139.265356*       0.0489
LBFGS:  209 07:55:22     -139.265987*       0.0430
LBFGS:  210 07:55:22     -139.266578*       0.0443
LBFGS:  211 07:55:22     -139.267084*       0.0439
LBFGS:  212 07:55:22     -139.267543*       0.0471
LBFGS:  213 07:55:22     -139.268092*       0.0469
LBFGS:  214 07:55:22     -139.268640*       0.0471
LBFGS:  215 07:55:22     -139.269209*       0.0549
LBFGS:  216 07:55:22     -139.269819*       0.0533
LBFGS:  217 07:55:22     -139.270378*       0.0455
LBFGS:  218 07:55:23     -139.270899*       0.0412
LBFGS:  219 07:55:23     -139.271307*       0.0353
LBFGS:  220 07:55:23     -139.271680*       0.0393
LBFGS:  221 07:55:23     -139.271965*       0.0357
LBFGS:  222 07:55:23     -139.272285*       0.0361
LBFGS:  223 07:55:23     -139.272542*       0.0322
LBFGS:  224 07:55:23     -139.272790*       0.0292
LBFGS:  225 07:55:23     -139.273075*       0.0317
LBFGS:  226 07:55:23     -139.273420*       0.0324
LBFGS:  227 07:55:23     -139.273823*       0.0397
LBFGS:  228 07:55:23     -139.274315*       0.0442
LBFGS:  229 07:55:23     -139.274826*       0.0545
LBFGS:  230 07:55:23     -139.275691*       0.0528
LBFGS:  231 07:55:23     -139.276828*       0.0458
LBFGS:  232 07:55:24     -139.277675*       0.0548
LBFGS:  233 07:55:24     -139.278146*       0.0450
LBFGS:  234 07:55:24     -139.278535*       0.0375
LBFGS:  235 07:55:24     -139.278737*       0.0461
LBFGS:  236 07:55:24     -139.278959*       0.0282
LBFGS:  237 07:55:24     -139.279153*       0.0221
LBFGS:  238 07:55:24     -139.279385*       0.0210
LBFGS:  239 07:55:24     -139.279494*       0.0204
LBFGS:  240 07:55:24     -139.279600*       0.0222
LBFGS:  241 07:55:24     -139.279688*       0.0210
LBFGS:  242 07:55:24     -139.279822*       0.0254
LBFGS:  243 07:55:24     -139.280002*       0.0328
LBFGS:  244 07:55:24     -139.280211*       0.0287
LBFGS:  245 07:55:24     -139.280440*       0.0270
LBFGS:  246 07:55:24     -139.280714*       0.0326
LBFGS:  247 07:55:25     -139.281029*       0.0320
LBFGS:  248 07:55:25     -139.281332*       0.0335
LBFGS:  249 07:55:25     -139.281586*       0.0395
LBFGS:  250 07:55:25     -139.281777*       0.0376
LBFGS:  251 07:55:25     -139.281973*       0.0284
LBFGS:  252 07:55:25     -139.282191*       0.0237
LBFGS:  253 07:55:25     -139.282336*       0.0242
LBFGS:  254 07:55:25     -139.282472*       0.0215
LBFGS:  255 07:55:25     -139.282586*       0.0236
LBFGS:  256 07:55:25     -139.282708*       0.0286
LBFGS:  257 07:55:25     -139.282856*       0.0275
LBFGS:  258 07:55:25     -139.283033*       0.0260
LBFGS:  259 07:55:25     -139.283208*       0.0239
LBFGS:  260 07:55:26     -139.283350*       0.0258
LBFGS:  261 07:55:26     -139.283515*       0.0248
LBFGS:  262 07:55:26     -139.283674*       0.0223
LBFGS:  263 07:55:26     -139.283863*       0.0245
LBFGS:  264 07:55:26     -139.284021*       0.0288
LBFGS:  265 07:55:26     -139.284163*       0.0209
LBFGS:  266 07:55:26     -139.284352*       0.0223
LBFGS:  267 07:55:26     -139.284489*       0.0302
LBFGS:  268 07:55:26     -139.284664*       0.0314
LBFGS:  269 07:55:26     -139.284812*       0.0210
LBFGS:  270 07:55:26     -139.284935*       0.0192
LBFGS:  271 07:55:27     -139.285060*       0.0186
LBFGS:  272 07:55:27     -139.285176*       0.0200
LBFGS:  273 07:55:27     -139.285278*       0.0157
LBFGS:  274 07:55:27     -139.285363*       0.0136
LBFGS:  275 07:55:27     -139.285417*       0.0141
LBFGS:  276 07:55:27     -139.285470*       0.0151
LBFGS:  277 07:55:27     -139.285511*       0.0167
LBFGS:  278 07:55:27     -139.285546*       0.0129
LBFGS:  279 07:55:27     -139.285574*       0.0108
LBFGS:  280 07:55:27     -139.285613*       0.0112
LBFGS:  281 07:55:27     -139.285641*       0.0084
       Step     Time          Energy         fmax
*Force-consistent energies used in optimization.
LBFGS:    0 07:58:29     -128.025522*       5.8110
LBFGS:    1 07:58:29     -128.762052*       4.5757
LBFGS:    2 07:58:29     -129.253803*       1.8643
LBFGS:    3 07:58:29     -129.511375*       1.2911
LBFGS:    4 07:58:29     -129.695331*       0.9686
LBFGS:    5 07:58:29     -129.856091*       1.1476
LBFGS:    6 07:58:29     -130.052299*       0.9653
LBFGS:    7 07:58:30     -130.269118*       1.0400
LBFGS:    8 07:58:30     -130.441860*       1.0182
LBFGS:    9 07:58:30     -130.598049*       0.9722
LBFGS:   10 07:58:30     -130.772294*       1.1221
LBFGS:   11 07:58:30     -130.996583*       1.2814
LBFGS:   12 07:58:30     -131.245858*       1.6032
LBFGS:   13 07:58:30     -131.538455*       1.7688
LBFGS:   14 07:58:30     -131.849636*       1.6554
LBFGS:   15 07:58:30     -132.136152*       1.2736
LBFGS:   16 07:58:30     -132.384035*       1.1459
LBFGS:   17 07:58:30     -132.535617*       0.9550
LBFGS:   18 07:58:30     -132.613168*       0.6184
LBFGS:   19 07:58:30     -132.686904*       0.6591
LBFGS:   20 07:58:31     -132.767273*       0.7526
LBFGS:   21 07:58:31     -132.880638*       0.6595
LBFGS:   22 07:58:31     -132.959888*       0.6314
LBFGS:   23 07:58:31     -133.044277*       0.6460
LBFGS:   24 07:58:31     -133.126967*       0.6824
LBFGS:   25 07:58:31     -133.239772*       0.7228
LBFGS:   26 07:58:31     -133.360059*       0.8166
LBFGS:   27 07:58:31     -133.467990*       0.6149
LBFGS:   28 07:58:31     -133.567658*       0.6319
LBFGS:   29 07:58:31     -133.673979*       0.7550
LBFGS:   30 07:58:31     -133.809499*       0.8864
LBFGS:   31 07:58:31     -133.974657*       0.9279
LBFGS:   32 07:58:31     -134.171147*       1.0099
LBFGS:   33 07:58:31     -134.357710*       1.1087
LBFGS:   34 07:58:32     -134.532603*       1.0360
LBFGS:   35 07:58:32     -134.674173*       1.0409
LBFGS:   36 07:58:32     -134.858517*       1.1873
LBFGS:   37 07:58:32     -135.017858*       0.9140
LBFGS:   38 07:58:32     -135.184803*       0.9758
LBFGS:   39 07:58:32     -135.303548*       0.9774
LBFGS:   40 07:58:32     -135.431718*       0.7166
LBFGS:   41 07:58:32     -135.527621*       0.6968
LBFGS:   42 07:58:32     -135.613185*       0.5594
LBFGS:   43 07:58:32     -135.680688*       0.6300
LBFGS:   44 07:58:32     -135.726358*       0.3647
LBFGS:   45 07:58:32     -135.756299*       0.3813
LBFGS:   46 07:58:32     -135.784568*       0.2499
LBFGS:   47 07:58:32     -135.804656*       0.2847
LBFGS:   48 07:58:32     -135.821825*       0.3065
LBFGS:   49 07:58:32     -135.837190*       0.2777
LBFGS:   50 07:58:33     -135.852343*       0.2334
LBFGS:   51 07:58:33     -135.867681*       0.2894
LBFGS:   52 07:58:33     -135.884883*       0.3184
LBFGS:   53 07:58:33     -135.905898*       0.3251
LBFGS:   54 07:58:33     -135.932392*       0.3602
LBFGS:   55 07:58:33     -135.964119*       0.4877
LBFGS:   56 07:58:33     -135.999534*       0.6047
LBFGS:   57 07:58:33     -136.038884*       0.5822
LBFGS:   58 07:58:33     -136.084449*       0.6490
LBFGS:   59 07:58:33     -136.150859*       0.5637
LBFGS:   60 07:58:33     -136.221630*       1.0824
LBFGS:   61 07:58:33     -136.323834*       0.8963
LBFGS:   62 07:58:33     -136.394000*       1.5674
LBFGS:   63 07:58:33     -136.593692*       0.8472
LBFGS:   64 07:58:33     -136.752424*       1.0150
LBFGS:   65 07:58:34     -136.967478*       1.0184
LBFGS:   66 07:58:34     -137.107512*       1.4469
LBFGS:   67 07:58:34     -137.021342*       4.3774
LBFGS:   68 07:58:34     -137.226070*       1.3124
LBFGS:   69 07:58:34     -137.218696*       1.3514
LBFGS:   70 07:58:34     -137.345927*       0.5329
LBFGS:   71 07:58:34     -137.390569*       0.6946
LBFGS:   72 07:58:34     -137.478706*       0.7703
LBFGS:   73 07:58:34     -137.642224*       0.8349
LBFGS:   74 07:58:34     -137.772951*       0.6972
LBFGS:   75 07:58:34     -137.870970*       1.0266
LBFGS:   76 07:58:34     -137.979406*       1.3614
LBFGS:   77 07:58:34     -138.073087*       0.6534
LBFGS:   78 07:58:34     -138.169716*       0.9835
LBFGS:   79 07:58:34     -138.236143*       0.4968
LBFGS:   80 07:58:35     -138.280500*       0.4017
LBFGS:   81 07:58:35     -138.314436*       0.3205
LBFGS:   82 07:58:35     -138.344388*       0.2970
LBFGS:   83 07:58:35     -138.376726*       0.4064
LBFGS:   84 07:58:35     -138.408573*       0.3565
LBFGS:   85 07:58:35     -138.435353*       0.3500
LBFGS:   86 07:58:35     -138.459181*       0.3129
LBFGS:   87 07:58:35     -138.477898*       0.2080
LBFGS:   88 07:58:35     -138.490350*       0.1956
LBFGS:   89 07:58:35     -138.499534*       0.2575
LBFGS:   90 07:58:35     -138.509828*       0.2223
LBFGS:   91 07:58:35     -138.520273*       0.2129
LBFGS:   92 07:58:35     -138.529476*       0.1799
LBFGS:   93 07:58:35     -138.537511*       0.1461
LBFGS:   94 07:58:35     -138.544622*       0.1348
LBFGS:   95 07:58:36     -138.551342*       0.1789
LBFGS:   96 07:58:36     -138.557716*       0.1529
LBFGS:   97 07:58:36     -138.563212*       0.1635
LBFGS:   98 07:58:36     -138.569025*       0.1854
LBFGS:   99 07:58:36     -138.576418*       0.2057
LBFGS:  100 07:58:36     -138.587248*       0.2190
LBFGS:  101 07:58:36     -138.602702*       0.2528
LBFGS:  102 07:58:36     -138.622425*       0.3496
LBFGS:  103 07:58:36     -138.641619*       0.3003
LBFGS:  104 07:58:36     -138.659812*       0.2468
LBFGS:  105 07:58:36     -138.674861*       0.3682
LBFGS:  106 07:58:36     -138.690363*       0.3114
LBFGS:  107 07:58:36     -138.704888*       0.1906
LBFGS:  108 07:58:36     -138.714129*       0.1480
LBFGS:  109 07:58:37     -138.721119*       0.1473
LBFGS:  110 07:58:37     -138.727539*       0.1438
LBFGS:  111 07:58:37     -138.734073*       0.1760
LBFGS:  112 07:58:37     -138.741088*       0.1766
LBFGS:  113 07:58:37     -138.747872*       0.1603
LBFGS:  114 07:58:37     -138.753839*       0.1286
LBFGS:  115 07:58:37     -138.759805*       0.1495
LBFGS:  116 07:58:37     -138.767080*       0.1562
LBFGS:  117 07:58:37     -138.775669*       0.2092
LBFGS:  118 07:58:37     -138.783603*       0.1575
LBFGS:  119 07:58:37     -138.789639*       0.2035
LBFGS:  120 07:58:37     -138.794542*       0.1339
LBFGS:  121 07:58:37     -138.799316*       0.1410
LBFGS:  122 07:58:38     -138.803934*       0.1126
LBFGS:  123 07:58:38     -138.807592*       0.1397
LBFGS:  124 07:58:38     -138.812760*       0.1573
LBFGS:  125 07:58:38     -138.818391*       0.1585
LBFGS:  126 07:58:38     -138.825761*       0.1692
LBFGS:  127 07:58:38     -138.834084*       0.1476
LBFGS:  128 07:58:38     -138.842845*       0.2164
LBFGS:  129 07:58:38     -138.848589*       0.1535
LBFGS:  130 07:58:38     -138.853639*       0.1439
LBFGS:  131 07:58:38     -138.857202*       0.1457
LBFGS:  132 07:58:38     -138.861519*       0.1118
LBFGS:  133 07:58:39     -138.865091*       0.1349
LBFGS:  134 07:58:39     -138.870602*       0.1565
LBFGS:  135 07:58:39     -138.878694*       0.1907
LBFGS:  136 07:58:39     -138.893510*       0.2992
LBFGS:  137 07:58:39     -138.923557*       0.7109
LBFGS:  138 07:58:39     -138.924835*       0.7533
LBFGS:  139 07:58:39     -138.952073*       1.1391
LBFGS:  140 07:58:39     -138.986463*       0.7020
LBFGS:  141 07:58:39     -139.056768*       0.5926
LBFGS:  142 07:58:39     -139.067725*       0.5063
LBFGS:  143 07:58:39     -139.121605*       0.3284
LBFGS:  144 07:58:39     -139.144083*       0.2003
LBFGS:  145 07:58:39     -139.158011*       0.2699
LBFGS:  146 07:58:39     -139.166679*       0.2375
LBFGS:  147 07:58:40     -139.175195*       0.2310
LBFGS:  148 07:58:40     -139.181021*       0.1469
LBFGS:  149 07:58:40     -139.185138*       0.1404
LBFGS:  150 07:58:40     -139.188865*       0.1071
LBFGS:  151 07:58:40     -139.192102*       0.1126
LBFGS:  152 07:58:40     -139.195489*       0.0834
LBFGS:  153 07:58:40     -139.198451*       0.0887
LBFGS:  154 07:58:40     -139.200734*       0.0934
LBFGS:  155 07:58:40     -139.202990*       0.0949
LBFGS:  156 07:58:40     -139.205829*       0.0999
LBFGS:  157 07:58:40     -139.209273*       0.1233
LBFGS:  158 07:58:40     -139.212825*       0.1379
LBFGS:  159 07:58:41     -139.216042*       0.1195
LBFGS:  160 07:58:41     -139.219137*       0.1121
LBFGS:  161 07:58:41     -139.222395*       0.1054
LBFGS:  162 07:58:41     -139.225672*       0.1094
LBFGS:  163 07:58:41     -139.228290*       0.0977
LBFGS:  164 07:58:41     -139.230249*       0.0967
LBFGS:  165 07:58:41     -139.231946*       0.0821
LBFGS:  166 07:58:41     -139.233552*       0.0717
LBFGS:  167 07:58:41     -139.235123*       0.0789
LBFGS:  168 07:58:41     -139.236598*       0.1080
LBFGS:  169 07:58:41     -139.238090*       0.1026
LBFGS:  170 07:58:41     -139.239601*       0.0753
LBFGS:  171 07:58:41     -139.240990*       0.0761
LBFGS:  172 07:58:41     -139.242363*       0.0850
LBFGS:  173 07:58:41     -139.243708*       0.1050
LBFGS:  174 07:58:41     -139.244976*       0.0839
LBFGS:  175 07:58:42     -139.245918*       0.0475
LBFGS:  176 07:58:42     -139.246514*       0.0433
LBFGS:  177 07:58:42     -139.246992*       0.0378
LBFGS:  178 07:58:42     -139.247447*       0.0398
LBFGS:  179 07:58:42     -139.247942*       0.0479
LBFGS:  180 07:58:42     -139.248424*       0.0562
LBFGS:  181 07:58:42     -139.248932*       0.0518
LBFGS:  182 07:58:42     -139.249448*       0.0445
LBFGS:  183 07:58:42     -139.249942*       0.0460
LBFGS:  184 07:58:42     -139.250355*       0.0485
LBFGS:  185 07:58:42     -139.250715*       0.0465
LBFGS:  186 07:58:42     -139.251079*       0.0371
LBFGS:  187 07:58:42     -139.251482*       0.0398
LBFGS:  188 07:58:42     -139.251912*       0.0395
LBFGS:  189 07:58:42     -139.252379*       0.0430
LBFGS:  190 07:58:43     -139.252967*       0.0442
LBFGS:  191 07:58:43     -139.253703*       0.0550
LBFGS:  192 07:58:43     -139.254543*       0.0600
LBFGS:  193 07:58:43     -139.255349*       0.0656
LBFGS:  194 07:58:43     -139.256088*       0.0581
LBFGS:  195 07:58:43     -139.256859*       0.0603
LBFGS:  196 07:58:43     -139.257629*       0.0546
LBFGS:  197 07:58:43     -139.258411*       0.0464
LBFGS:  198 07:58:43     -139.259070*       0.0533
LBFGS:  199 07:58:43     -139.259690*       0.0428
LBFGS:  200 07:58:43     -139.260251*       0.0419
LBFGS:  201 07:58:43     -139.260795*       0.0432
LBFGS:  202 07:58:43     -139.261286*       0.0475
LBFGS:  203 07:58:43     -139.261915*       0.0469
LBFGS:  204 07:58:44     -139.262663*       0.0646
LBFGS:  205 07:58:44     -139.263473*       0.0687
LBFGS:  206 07:58:44     -139.264089*       0.0532
LBFGS:  207 07:58:44     -139.264641*       0.0457
LBFGS:  208 07:58:44     -139.265124*       0.0478
LBFGS:  209 07:58:44     -139.265674*       0.0552
LBFGS:  210 07:58:44     -139.266224*       0.0443
LBFGS:  211 07:58:44     -139.266893*       0.0431
LBFGS:  212 07:58:44     -139.267272*       0.0473
LBFGS:  213 07:58:44     -139.267952*       0.0477
LBFGS:  214 07:58:44     -139.268450*       0.0446
LBFGS:  215 07:58:44     -139.269029*       0.0439
LBFGS:  216 07:58:44     -139.269619*       0.0512
LBFGS:  217 07:58:44     -139.270269*       0.0491
LBFGS:  218 07:58:45     -139.270840*       0.0460
LBFGS:  219 07:58:45     -139.271223*       0.0532
LBFGS:  220 07:58:45     -139.271576*       0.0546
LBFGS:  221 07:58:45     -139.271894*       0.0397
LBFGS:  222 07:58:45     -139.272317*       0.0330
LBFGS:  223 07:58:45     -139.272571*       0.0383
LBFGS:  224 07:58:45     -139.272847*       0.0333
LBFGS:  225 07:58:45     -139.273042*       0.0309
LBFGS:  226 07:58:45     -139.273311*       0.0279
LBFGS:  227 07:58:45     -139.273700*       0.0461
LBFGS:  228 07:58:45     -139.274274*       0.0638
LBFGS:  229 07:58:45     -139.275047*       0.0600
LBFGS:  230 07:58:45     -139.275827*       0.0698
LBFGS:  231 07:58:45     -139.276303*       0.0726
LBFGS:  232 07:58:45     -139.276946*       0.0736
LBFGS:  233 07:58:46     -139.277523*       0.0481
LBFGS:  234 07:58:46     -139.278163*       0.0296
LBFGS:  235 07:58:46     -139.278597*       0.0303
LBFGS:  236 07:58:46     -139.278902*       0.0248
LBFGS:  237 07:58:46     -139.279061*       0.0230
LBFGS:  238 07:58:46     -139.279276*       0.0229
LBFGS:  239 07:58:46     -139.279437*       0.0211
LBFGS:  240 07:58:46     -139.279575*       0.0210
LBFGS:  241 07:58:46     -139.279665*       0.0218
LBFGS:  242 07:58:46     -139.279762*       0.0211
LBFGS:  243 07:58:46     -139.279886*       0.0209
LBFGS:  244 07:58:46     -139.280074*       0.0282
LBFGS:  245 07:58:46     -139.280229*       0.0264
LBFGS:  246 07:58:46     -139.280458*       0.0281
LBFGS:  247 07:58:47     -139.280730*       0.0316
LBFGS:  248 07:58:47     -139.281110*       0.0446
LBFGS:  249 07:58:47     -139.281477*       0.0327
LBFGS:  250 07:58:47     -139.281751*       0.0326
LBFGS:  251 07:58:47     -139.281942*       0.0259
LBFGS:  252 07:58:47     -139.282087*       0.0272
LBFGS:  253 07:58:47     -139.282238*       0.0273
LBFGS:  254 07:58:47     -139.282392*       0.0237
LBFGS:  255 07:58:47     -139.282506*       0.0270
LBFGS:  256 07:58:47     -139.282623*       0.0261
LBFGS:  257 07:58:47     -139.282770*       0.0218
LBFGS:  258 07:58:48     -139.282920*       0.0262
LBFGS:  259 07:58:48     -139.283067*       0.0239
LBFGS:  260 07:58:48     -139.283232*       0.0243
LBFGS:  261 07:58:48     -139.283388*       0.0211
LBFGS:  262 07:58:48     -139.283534*       0.0286
LBFGS:  263 07:58:48     -139.283711*       0.0331
LBFGS:  264 07:58:48     -139.283891*       0.0361
LBFGS:  265 07:58:48     -139.284165*       0.0411
LBFGS:  266 07:58:48     -139.284381*       0.0316
LBFGS:  267 07:58:48     -139.284542*       0.0221
LBFGS:  268 07:58:48     -139.284664*       0.0212
LBFGS:  269 07:58:48     -139.284788*       0.0244
LBFGS:  270 07:58:49     -139.284934*       0.0336
LBFGS:  271 07:58:49     -139.285068*       0.0250
LBFGS:  272 07:58:49     -139.285170*       0.0244
LBFGS:  273 07:58:49     -139.285249*       0.0213
LBFGS:  274 07:58:49     -139.285321*       0.0150
LBFGS:  275 07:58:49     -139.285366*       0.0122
LBFGS:  276 07:58:49     -139.285411*       0.0113
LBFGS:  277 07:58:49     -139.285446*       0.0113
LBFGS:  278 07:58:49     -139.285481*       0.0139
LBFGS:  279 07:58:49     -139.285538*       0.0139
LBFGS:  280 07:58:49     -139.285567*       0.0125
LBFGS:  281 07:58:49     -139.285604*       0.0108
LBFGS:  282 07:58:49     -139.285641*       0.0103
LBFGS:  283 07:58:50     -139.285652*       0.0112
LBFGS:  284 07:58:50     -139.285691*       0.0111
LBFGS:  285 07:58:50     -139.285723*       0.0129
LBFGS:  286 07:58:50     -139.285774*       0.0150
LBFGS:  287 07:58:50     -139.285809*       0.0126
LBFGS:  288 07:58:50     -139.285854*       0.0112
LBFGS:  289 07:58:50     -139.285894*       0.0158
LBFGS:  290 07:58:50     -139.285944*       0.0176
LBFGS:  291 07:58:50     -139.285988*       0.0150
LBFGS:  292 07:58:50     -139.286037*       0.0148
LBFGS:  293 07:58:50     -139.286095*       0.0154
LBFGS:  294 07:58:50     -139.286136*       0.0163
LBFGS:  295 07:58:50     -139.286189*       0.0166
LBFGS:  296 07:58:51     -139.286221*       0.0133
LBFGS:  297 07:58:51     -139.286265*       0.0116
LBFGS:  298 07:58:51     -139.286292*       0.0101
LBFGS:  299 07:58:51     -139.286314*       0.0093
       Step     Time          Energy         fmax
*Force-consistent energies used in optimization.
LBFGS:    0 00:16:14     -128.025521*       5.8110
LBFGS:    1 00:16:14     -128.762051*       4.5757
LBFGS:    2 00:16:14     -129.253803*       1.8643
LBFGS:    3 00:16:14     -129.511370*       1.2911
LBFGS:    4 00:16:15     -129.695333*       0.9686
LBFGS:    5 00:16:15     -129.856089*       1.1477
LBFGS:    6 00:16:15     -130.052295*       0.9653
LBFGS:    7 00:16:15     -130.269126*       1.0400
LBFGS:    8 00:16:15     -130.441852*       1.0182
LBFGS:    9 00:16:15     -130.598050*       0.9722
LBFGS:   10 00:16:15     -130.772287*       1.1221
LBFGS:   11 00:16:15     -130.996585*       1.2814
LBFGS:   12 00:16:15     -131.245879*       1.6031
LBFGS:   13 00:16:15     -131.538462*       1.7689
LBFGS:   14 00:16:15     -131.849644*       1.6554
LBFGS:   15 00:16:15     -132.136154*       1.2736
LBFGS:   16 00:16:15     -132.384034*       1.1459
LBFGS:   17 00:16:16     -132.535613*       0.9550
LBFGS:   18 00:16:16     -132.613156*       0.6185
LBFGS:   19 00:16:16     -132.686908*       0.6591
LBFGS:   20 00:16:16     -132.767271*       0.7526
LBFGS:   21 00:16:16     -132.880626*       0.6595
LBFGS:   22 00:16:16     -132.959894*       0.6314
LBFGS:   23 00:16:16     -133.044264*       0.6459
LBFGS:   24 00:16:16     -133.126965*       0.6824
LBFGS:   25 00:16:16     -133.239765*       0.7228
LBFGS:   26 00:16:16     -133.360055*       0.8166
LBFGS:   27 00:16:16     -133.467987*       0.6149
LBFGS:   28 00:16:16     -133.567645*       0.6319
LBFGS:   29 00:16:16     -133.673978*       0.7550
LBFGS:   30 00:16:16     -133.809488*       0.8864
LBFGS:   31 00:16:16     -133.974656*       0.9279
LBFGS:   32 00:16:17     -134.171142*       1.0098
LBFGS:   33 00:16:17     -134.357708*       1.1087
LBFGS:   34 00:16:17     -134.532582*       1.0360
LBFGS:   35 00:16:17     -134.674174*       1.0409
LBFGS:   36 00:16:17     -134.858516*       1.1872
LBFGS:   37 00:16:17     -135.017855*       0.9140
LBFGS:   38 00:16:17     -135.184784*       0.9758
LBFGS:   39 00:16:17     -135.303531*       0.9774
LBFGS:   40 00:16:17     -135.431706*       0.7167
LBFGS:   41 00:16:17     -135.527612*       0.6969
LBFGS:   42 00:16:17     -135.613189*       0.5593
LBFGS:   43 00:16:17     -135.680696*       0.6300
LBFGS:   44 00:16:17     -135.726357*       0.3647
LBFGS:   45 00:16:17     -135.756300*       0.3813
LBFGS:   46 00:16:18     -135.784571*       0.2499
LBFGS:   47 00:16:18     -135.804666*       0.2847
LBFGS:   48 00:16:18     -135.821823*       0.3065
LBFGS:   49 00:16:18     -135.837190*       0.2777
LBFGS:   50 00:16:18     -135.852350*       0.2334
LBFGS:   51 00:16:18     -135.867675*       0.2894
LBFGS:   52 00:16:18     -135.884899*       0.3184
LBFGS:   53 00:16:18     -135.905903*       0.3251
LBFGS:   54 00:16:18     -135.932387*       0.3602
LBFGS:   55 00:16:18     -135.964110*       0.4877
LBFGS:   56 00:16:18     -135.999533*       0.6048
LBFGS:   57 00:16:18     -136.038892*       0.5822
LBFGS:   58 00:16:18     -136.084446*       0.6491
LBFGS:   59 00:16:18     -136.150864*       0.5636
LBFGS:   60 00:16:18     -136.221615*       1.0825
LBFGS:   61 00:16:19     -136.323816*       0.8963
LBFGS:   62 00:16:19     -136.394044*       1.5674
LBFGS:   63 00:16:19     -136.593768*       0.8477
LBFGS:   64 00:16:19     -136.752441*       1.0154
LBFGS:   65 00:16:19     -136.967629*       1.0183
LBFGS:   66 00:16:19     -137.107342*       1.4520
LBFGS:   67 00:16:19     -137.021207*       4.3748
LBFGS:   68 00:16:19     -137.226076*       1.3296
LBFGS:   69 00:16:19     -137.219046*       1.3475
LBFGS:   70 00:16:19     -137.345894*       0.5301
LBFGS:   71 00:16:19     -137.390568*       0.6916
LBFGS:   72 00:16:19     -137.478602*       0.7661
LBFGS:   73 00:16:19     -137.642181*       0.8322
LBFGS:   74 00:16:19     -137.772915*       0.6969
LBFGS:   75 00:16:20     -137.870843*       1.0320
LBFGS:   76 00:16:20     -137.979522*       1.3513
LBFGS:   77 00:16:20     -138.073350*       0.6443
LBFGS:   78 00:16:20     -138.170064*       0.9885
LBFGS:   79 00:16:20     -138.235987*       0.5016
LBFGS:   80 00:16:20     -138.280508*       0.3927
LBFGS:   81 00:16:20     -138.314530*       0.3231
LBFGS:   82 00:16:20     -138.344256*       0.2988
LBFGS:   83 00:16:20     -138.376816*       0.4122
LBFGS:   84 00:16:20     -138.408483*       0.3545
LBFGS:   85 00:16:20     -138.435213*       0.3529
LBFGS:   86 00:16:20     -138.459040*       0.3085
LBFGS:   87 00:16:20     -138.477804*       0.2371
LBFGS:   88 00:16:20     -138.489831*       0.2368
LBFGS:   89 00:16:20     -138.498602*       0.2720
LBFGS:   90 00:16:21     -138.508579*       0.2385
LBFGS:   91 00:16:21     -138.520611*       0.1903
LBFGS:   92 00:16:21     -138.529615*       0.1651
LBFGS:   93 00:16:21     -138.537628*       0.1451
LBFGS:   94 00:16:21     -138.544717*       0.1439
LBFGS:   95 00:16:21     -138.551559*       0.1759
LBFGS:   96 00:16:21     -138.557755*       0.1526
LBFGS:   97 00:16:21     -138.563347*       0.1663
LBFGS:   98 00:16:21     -138.569161*       0.1908
LBFGS:   99 00:16:21     -138.576593*       0.2114
LBFGS:  100 00:16:21     -138.587379*       0.2140
LBFGS:  101 00:16:21     -138.602907*       0.2583
LBFGS:  102 00:16:21     -138.622606*       0.3484
LBFGS:  103 00:16:21     -138.641787*       0.2938
LBFGS:  104 00:16:21     -138.659536*       0.2484
LBFGS:  105 00:16:22     -138.674888*       0.3709
LBFGS:  106 00:16:22     -138.690293*       0.3092
LBFGS:  107 00:16:22     -138.705933*       0.1932
LBFGS:  108 00:16:22     -138.714087*       0.1475
LBFGS:  109 00:16:22     -138.721661*       0.1549
LBFGS:  110 00:16:22     -138.727581*       0.1450
LBFGS:  111 00:16:22     -138.734059*       0.1785
LBFGS:  112 00:16:22     -138.741084*       0.1767
LBFGS:  113 00:16:22     -138.748207*       0.1552
LBFGS:  114 00:16:22     -138.754105*       0.1308
LBFGS:  115 00:16:22     -138.760221*       0.1526
LBFGS:  116 00:16:22     -138.767631*       0.1725
LBFGS:  117 00:16:22     -138.775893*       0.2088
LBFGS:  118 00:16:22     -138.782753*       0.1783
LBFGS:  119 00:16:23     -138.789578*       0.1802
LBFGS:  120 00:16:23     -138.794880*       0.1512
LBFGS:  121 00:16:23     -138.799915*       0.1235
LBFGS:  122 00:16:23     -138.803746*       0.1082
LBFGS:  123 00:16:23     -138.808321*       0.1559
LBFGS:  124 00:16:23     -138.812930*       0.1819
LBFGS:  125 00:16:23     -138.818996*       0.1803
LBFGS:  126 00:16:23     -138.826304*       0.1490
LBFGS:  127 00:16:23     -138.834977*       0.1533
LBFGS:  128 00:16:23     -138.843513*       0.2533
LBFGS:  129 00:16:24     -138.848800*       0.1444
LBFGS:  130 00:16:24     -138.853873*       0.1344
LBFGS:  131 00:16:24     -138.857570*       0.1361
LBFGS:  132 00:16:24     -138.861771*       0.1116
LBFGS:  133 00:16:24     -138.865403*       0.1345
LBFGS:  134 00:16:24     -138.870710*       0.1560
LBFGS:  135 00:16:24     -138.879095*       0.1911
LBFGS:  136 00:16:24     -138.894716*       0.3044
LBFGS:  137 00:16:24     -138.926708*       0.7563
LBFGS:  138 00:16:24     -138.929553*       0.7820
LBFGS:  139 00:16:24     -138.958937*       1.0572
LBFGS:  140 00:16:24     -138.981328*       0.7719
LBFGS:  141 00:16:24     -139.061594*       0.5622
LBFGS:  142 00:16:24     -139.088642*       0.4841
LBFGS:  143 00:16:25     -139.124896*       0.3004
LBFGS:  144 00:16:25     -139.148549*       0.1888
LBFGS:  145 00:16:25     -139.160188*       0.2480
LBFGS:  146 00:16:25     -139.168242*       0.2617
LBFGS:  147 00:16:25     -139.178056*       0.2423
LBFGS:  148 00:16:25     -139.182109*       0.1208
LBFGS:  149 00:16:25     -139.186314*       0.1103
LBFGS:  150 00:16:25     -139.190064*       0.1079
LBFGS:  151 00:16:25     -139.193136*       0.0965
LBFGS:  152 00:16:25     -139.196708*       0.0801
LBFGS:  153 00:16:25     -139.199309*       0.0933
LBFGS:  154 00:16:25     -139.201429*       0.0950
LBFGS:  155 00:16:25     -139.203807*       0.0970
LBFGS:  156 00:16:25     -139.206995*       0.1112
LBFGS:  157 00:16:26     -139.210533*       0.1283
LBFGS:  158 00:16:26     -139.213882*       0.1293
LBFGS:  159 00:16:26     -139.217031*       0.1145
LBFGS:  160 00:16:26     -139.220303*       0.1053
LBFGS:  161 00:16:26     -139.223779*       0.1036
LBFGS:  162 00:16:26     -139.226830*       0.0978
LBFGS:  163 00:16:26     -139.229098*       0.1098
LBFGS:  164 00:16:26     -139.230872*       0.0862
LBFGS:  165 00:16:26     -139.232511*       0.0694
LBFGS:  166 00:16:26     -139.234122*       0.0654
LBFGS:  167 00:16:26     -139.235719*       0.1008
LBFGS:  168 00:16:27     -139.237255*       0.1135
LBFGS:  169 00:16:27     -139.238721*       0.0843
LBFGS:  170 00:16:27     -139.240165*       0.0802
LBFGS:  171 00:16:27     -139.241609*       0.0785
LBFGS:  172 00:16:27     -139.242987*       0.0986
LBFGS:  173 00:16:27     -139.244290*       0.0988
LBFGS:  174 00:16:27     -139.245402*       0.0616
LBFGS:  175 00:16:27     -139.246190*       0.0448
LBFGS:  176 00:16:27     -139.246726*       0.0380
LBFGS:  177 00:16:27     -139.247190*       0.0401
LBFGS:  178 00:16:27     -139.247653*       0.0437
LBFGS:  179 00:16:27     -139.248132*       0.0512
LBFGS:  180 00:16:28     -139.248630*       0.0488
LBFGS:  181 00:16:28     -139.249157*       0.0481
LBFGS:  182 00:16:28     -139.249672*       0.0431
LBFGS:  183 00:16:28     -139.250103*       0.0501
LBFGS:  184 00:16:28     -139.250467*       0.0511
LBFGS:  185 00:16:28     -139.250850*       0.0433
LBFGS:  186 00:16:28     -139.251259*       0.0379
LBFGS:  187 00:16:28     -139.251678*       0.0354
LBFGS:  188 00:16:28     -139.252122*       0.0394
LBFGS:  189 00:16:28     -139.252620*       0.0400
LBFGS:  190 00:16:28     -139.253257*       0.0469
LBFGS:  191 00:16:28     -139.254038*       0.0462
LBFGS:  192 00:16:28     -139.254834*       0.0569
LBFGS:  193 00:16:29     -139.255604*       0.0591
LBFGS:  194 00:16:29     -139.256332*       0.0545
LBFGS:  195 00:16:29     -139.257103*       0.0486
LBFGS:  196 00:16:29     -139.257855*       0.0506
LBFGS:  197 00:16:29     -139.258546*       0.0535
LBFGS:  198 00:16:29     -139.259181*       0.0504
LBFGS:  199 00:16:29     -139.259827*       0.0423
LBFGS:  200 00:16:29     -139.260434*       0.0387
LBFGS:  201 00:16:29     -139.260963*       0.0465
LBFGS:  202 00:16:29     -139.261456*       0.0481
LBFGS:  203 00:16:29     -139.262083*       0.0538
LBFGS:  204 00:16:29     -139.262852*       0.0693
LBFGS:  205 00:16:29     -139.263659*       0.0680
LBFGS:  206 00:16:30     -139.264268*       0.0524
LBFGS:  207 00:16:30     -139.264828*       0.0480
LBFGS:  208 00:16:30     -139.265354*       0.0444
LBFGS:  209 00:16:30     -139.266007*       0.0429
LBFGS:  210 00:16:30     -139.266598*       0.0451
LBFGS:  211 00:16:30     -139.267086*       0.0438
LBFGS:  212 00:16:30     -139.267565*       0.0470
LBFGS:  213 00:16:30     -139.268086*       0.0463
LBFGS:  214 00:16:30     -139.268630*       0.0459
LBFGS:  215 00:16:30     -139.269220*       0.0561
LBFGS:  216 00:16:30     -139.269830*       0.0526
LBFGS:  217 00:16:30     -139.270356*       0.0529
LBFGS:  218 00:16:31     -139.270868*       0.0411
LBFGS:  219 00:16:31     -139.271304*       0.0342
LBFGS:  220 00:16:31     -139.271681*       0.0359
LBFGS:  221 00:16:31     -139.271972*       0.0328
LBFGS:  222 00:16:31     -139.272280*       0.0366
LBFGS:  223 00:16:31     -139.272534*       0.0330
LBFGS:  224 00:16:31     -139.272786*       0.0291
LBFGS:  225 00:16:31     -139.273057*       0.0320
LBFGS:  226 00:16:31     -139.273404*       0.0313
LBFGS:  227 00:16:31     -139.273807*       0.0401
LBFGS:  228 00:16:31     -139.274292*       0.0433
LBFGS:  229 00:16:31     -139.274841*       0.0538
LBFGS:  230 00:16:32     -139.275747*       0.0556
LBFGS:  231 00:16:32     -139.276877*       0.0495
LBFGS:  232 00:16:32     -139.277721*       0.0590
LBFGS:  233 00:16:32     -139.278118*       0.0464
LBFGS:  234 00:16:32     -139.278485*       0.0372
LBFGS:  235 00:16:32     -139.278739*       0.0341
LBFGS:  236 00:16:32     -139.278974*       0.0261
LBFGS:  237 00:16:32     -139.279191*       0.0254
LBFGS:  238 00:16:32     -139.279364*       0.0238
LBFGS:  239 00:16:32     -139.279494*       0.0209
LBFGS:  240 00:16:32     -139.279576*       0.0233
LBFGS:  241 00:16:32     -139.279678*       0.0218
LBFGS:  242 00:16:32     -139.279820*       0.0254
LBFGS:  243 00:16:32     -139.279997*       0.0324
LBFGS:  244 00:16:33     -139.280203*       0.0293
LBFGS:  245 00:16:33     -139.280440*       0.0284
LBFGS:  246 00:16:33     -139.280710*       0.0296
LBFGS:  247 00:16:33     -139.281007*       0.0315
LBFGS:  248 00:16:33     -139.281302*       0.0399
LBFGS:  249 00:16:33     -139.281553*       0.0463
LBFGS:  250 00:16:33     -139.281739*       0.0432
LBFGS:  251 00:16:33     -139.281944*       0.0317
LBFGS:  252 00:16:33     -139.282175*       0.0240
LBFGS:  253 00:16:33     -139.282308*       0.0262
LBFGS:  254 00:16:33     -139.282440*       0.0215
LBFGS:  255 00:16:33     -139.282562*       0.0248
LBFGS:  256 00:16:33     -139.282679*       0.0283
LBFGS:  257 00:16:33     -139.282826*       0.0287
LBFGS:  258 00:16:33     -139.282984*       0.0264
LBFGS:  259 00:16:34     -139.283138*       0.0259
LBFGS:  260 00:16:34     -139.283276*       0.0242
LBFGS:  261 00:16:34     -139.283452*       0.0246
LBFGS:  262 00:16:34     -139.283626*       0.0243
LBFGS:  263 00:16:34     -139.283831*       0.0277
LBFGS:  264 00:16:34     -139.284006*       0.0324
LBFGS:  265 00:16:34     -139.284190*       0.0223
LBFGS:  266 00:16:34     -139.284331*       0.0222
LBFGS:  267 00:16:34     -139.284524*       0.0262
LBFGS:  268 00:16:34     -139.284638*       0.0297
LBFGS:  269 00:16:34     -139.284812*       0.0243
LBFGS:  270 00:16:34     -139.284928*       0.0222
LBFGS:  271 00:16:34     -139.285049*       0.0193
LBFGS:  272 00:16:35     -139.285160*       0.0191
LBFGS:  273 00:16:35     -139.285255*       0.0168
LBFGS:  274 00:16:35     -139.285342*       0.0189
LBFGS:  275 00:16:35     -139.285397*       0.0174
LBFGS:  276 00:16:35     -139.285449*       0.0153
LBFGS:  277 00:16:35     -139.285499*       0.0124
LBFGS:  278 00:16:35     -139.285544*       0.0114
LBFGS:  279 00:16:35     -139.285557*       0.0100
       Step     Time          Energy         fmax
*Force-consistent energies used in optimization.
LBFGS:    0 16:22:21     -128.025521*       5.8110
LBFGS:    1 16:22:21     -128.762048*       4.5757
LBFGS:    2 16:22:21     -129.253802*       1.8643
LBFGS:    3 16:22:22     -129.511365*       1.2911
LBFGS:    4 16:22:22     -129.695330*       0.9686
LBFGS:    5 16:22:22     -129.856096*       1.1477
LBFGS:    6 16:22:22     -130.052282*       0.9653
LBFGS:    7 16:22:22     -130.269117*       1.0400
LBFGS:    8 16:22:22     -130.441854*       1.0182
LBFGS:    9 16:22:22     -130.598048*       0.9722
LBFGS:   10 16:22:22     -130.772286*       1.1221
LBFGS:   11 16:22:22     -130.996584*       1.2814
LBFGS:   12 16:22:22     -131.245855*       1.6031
LBFGS:   13 16:22:22     -131.538458*       1.7688
LBFGS:   14 16:22:22     -131.849635*       1.6554
LBFGS:   15 16:22:22     -132.136158*       1.2736
LBFGS:   16 16:22:22     -132.384034*       1.1459
LBFGS:   17 16:22:22     -132.535610*       0.9550
LBFGS:   18 16:22:23     -132.613162*       0.6185
LBFGS:   19 16:22:23     -132.686902*       0.6591
LBFGS:   20 16:22:23     -132.767269*       0.7526
LBFGS:   21 16:22:23     -132.880634*       0.6595
LBFGS:   22 16:22:23     -132.959893*       0.6314
LBFGS:   23 16:22:23     -133.044260*       0.6459
LBFGS:   24 16:22:23     -133.126960*       0.6824
LBFGS:   25 16:22:23     -133.239760*       0.7228
LBFGS:   26 16:22:23     -133.360061*       0.8166
LBFGS:   27 16:22:23     -133.467978*       0.6149
LBFGS:   28 16:22:23     -133.567647*       0.6319
LBFGS:   29 16:22:23     -133.673982*       0.7550
LBFGS:   30 16:22:23     -133.809499*       0.8864
LBFGS:   31 16:22:24     -133.974651*       0.9279
LBFGS:   32 16:22:24     -134.171136*       1.0098
LBFGS:   33 16:22:24     -134.357698*       1.1087
LBFGS:   34 16:22:24     -134.532600*       1.0359
LBFGS:   35 16:22:24     -134.674174*       1.0409
LBFGS:   36 16:22:24     -134.858509*       1.1872
LBFGS:   37 16:22:24     -135.017853*       0.9140
LBFGS:   38 16:22:24     -135.184795*       0.9758
LBFGS:   39 16:22:24     -135.303536*       0.9774
LBFGS:   40 16:22:24     -135.431713*       0.7167
LBFGS:   41 16:22:24     -135.527621*       0.6968
LBFGS:   42 16:22:24     -135.613186*       0.5594
LBFGS:   43 16:22:24     -135.680682*       0.6300
LBFGS:   44 16:22:24     -135.726350*       0.3647
LBFGS:   45 16:22:25     -135.756307*       0.3813
LBFGS:   46 16:22:25     -135.784576*       0.2499
LBFGS:   47 16:22:25     -135.804667*       0.2847
LBFGS:   48 16:22:25     -135.821813*       0.3065
LBFGS:   49 16:22:25     -135.837185*       0.2777
LBFGS:   50 16:22:25     -135.852348*       0.2334
LBFGS:   51 16:22:25     -135.867668*       0.2894
LBFGS:   52 16:22:25     -135.884881*       0.3184
LBFGS:   53 16:22:25     -135.905900*       0.3251
LBFGS:   54 16:22:25     -135.932385*       0.3602
LBFGS:   55 16:22:25     -135.964107*       0.4876
LBFGS:   56 16:22:25     -135.999541*       0.6048
LBFGS:   57 16:22:25     -136.038880*       0.5821
LBFGS:   58 16:22:25     -136.084448*       0.6491
LBFGS:   59 16:22:25     -136.150865*       0.5636
LBFGS:   60 16:22:25     -136.221600*       1.0826
LBFGS:   61 16:22:26     -136.323828*       0.8964
LBFGS:   62 16:22:26     -136.394055*       1.5675
LBFGS:   63 16:22:26     -136.593806*       0.8479
LBFGS:   64 16:22:26     -136.752454*       1.0154
LBFGS:   65 16:22:26     -136.967680*       1.0184
LBFGS:   66 16:22:26     -137.107251*       1.4542
LBFGS:   67 16:22:26     -137.021081*       4.3744
LBFGS:   68 16:22:26     -137.226085*       1.3375
LBFGS:   69 16:22:26     -137.219153*       1.3462
LBFGS:   70 16:22:26     -137.345887*       0.5287
LBFGS:   71 16:22:26     -137.390583*       0.6904
LBFGS:   72 16:22:26     -137.478526*       0.7645
LBFGS:   73 16:22:26     -137.642143*       0.8314
LBFGS:   74 16:22:26     -137.772912*       0.6966
LBFGS:   75 16:22:26     -137.870763*       1.0352
LBFGS:   76 16:22:26     -137.979638*       1.3450
LBFGS:   77 16:22:27     -138.073561*       0.6379
LBFGS:   78 16:22:27     -138.170344*       0.9912
LBFGS:   79 16:22:27     -138.235885*       0.5052
LBFGS:   80 16:22:27     -138.280509*       0.3859
LBFGS:   81 16:22:27     -138.314606*       0.3249
LBFGS:   82 16:22:27     -138.344141*       0.3001
LBFGS:   83 16:22:27     -138.376885*       0.4167
LBFGS:   84 16:22:27     -138.408413*       0.3531
LBFGS:   85 16:22:27     -138.435100*       0.3540
LBFGS:   86 16:22:27     -138.458897*       0.3060
LBFGS:   87 16:22:27     -138.477701*       0.2533
LBFGS:   88 16:22:27     -138.489416*       0.2529
LBFGS:   89 16:22:27     -138.498278*       0.2698
LBFGS:   90 16:22:27     -138.508337*       0.2359
LBFGS:   91 16:22:27     -138.520826*       0.1979
LBFGS:   92 16:22:28     -138.529364*       0.1686
LBFGS:   93 16:22:28     -138.537758*       0.1475
LBFGS:   94 16:22:28     -138.544721*       0.1442
LBFGS:   95 16:22:28     -138.551572*       0.1743
LBFGS:   96 16:22:28     -138.557763*       0.1523
LBFGS:   97 16:22:28     -138.563379*       0.1677
LBFGS:   98 16:22:28     -138.569166*       0.1921
LBFGS:   99 16:22:28     -138.576577*       0.2120
LBFGS:  100 16:22:28     -138.587372*       0.2165
LBFGS:  101 16:22:28     -138.602947*       0.2584
LBFGS:  102 16:22:28     -138.622642*       0.3482
LBFGS:  103 16:22:28     -138.641849*       0.2944
LBFGS:  104 16:22:28     -138.659529*       0.2492
LBFGS:  105 16:22:28     -138.674994*       0.3693
LBFGS:  106 16:22:28     -138.690381*       0.3097
LBFGS:  107 16:22:29     -138.706137*       0.1930
LBFGS:  108 16:22:29     -138.714132*       0.1432
LBFGS:  109 16:22:29     -138.721766*       0.1563
LBFGS:  110 16:22:29     -138.727619*       0.1448
LBFGS:  111 16:22:29     -138.734099*       0.1766
LBFGS:  112 16:22:29     -138.741217*       0.1760
LBFGS:  113 16:22:29     -138.748330*       0.1530
LBFGS:  114 16:22:29     -138.754204*       0.1319
LBFGS:  115 16:22:29     -138.760378*       0.1530
LBFGS:  116 16:22:29     -138.767857*       0.1754
LBFGS:  117 16:22:29     -138.776154*       0.2060
LBFGS:  118 16:22:29     -138.782861*       0.1753
LBFGS:  119 16:22:29     -138.789630*       0.1880
LBFGS:  120 16:22:29     -138.794802*       0.1556
LBFGS:  121 16:22:30     -138.800125*       0.1243
LBFGS:  122 16:22:30     -138.803746*       0.1108
LBFGS:  123 16:22:30     -138.808491*       0.1591
LBFGS:  124 16:22:30     -138.813087*       0.1810
LBFGS:  125 16:22:30     -138.819267*       0.1737
LBFGS:  126 16:22:30     -138.826627*       0.1491
LBFGS:  127 16:22:30     -138.835340*       0.1546
LBFGS:  128 16:22:30     -138.843719*       0.2578
LBFGS:  129 16:22:30     -138.848866*       0.1473
LBFGS:  130 16:22:30     -138.853898*       0.1358
LBFGS:  131 16:22:30     -138.857653*       0.1375
LBFGS:  132 16:22:30     -138.861747*       0.1112
LBFGS:  133 16:22:30     -138.865408*       0.1353
LBFGS:  134 16:22:30     -138.870735*       0.1576
LBFGS:  135 16:22:30     -138.879218*       0.1983
LBFGS:  136 16:22:30     -138.894927*       0.3073
LBFGS:  137 16:22:31     -138.927263*       0.7722
LBFGS:  138 16:22:31     -138.928185*       0.7576
LBFGS:  139 16:22:31     -138.959791*       1.0258
LBFGS:  140 16:22:31     -138.981771*       0.7921
LBFGS:  141 16:22:31     -139.061836*       0.5617
LBFGS:  142 16:22:31     -139.090250*       0.4816
LBFGS:  143 16:22:31     -139.125054*       0.3032
LBFGS:  144 16:22:31     -139.148809*       0.1953
LBFGS:  145 16:22:31     -139.160486*       0.2531
LBFGS:  146 16:22:31     -139.168562*       0.2694
LBFGS:  147 16:22:31     -139.178056*       0.2448
LBFGS:  148 16:22:31     -139.182116*       0.1237
LBFGS:  149 16:22:31     -139.186343*       0.1112
LBFGS:  150 16:22:31     -139.190163*       0.1084
LBFGS:  151 16:22:31     -139.193201*       0.0992
LBFGS:  152 16:22:32     -139.196758*       0.0793
LBFGS:  153 16:22:32     -139.199330*       0.0952
LBFGS:  154 16:22:32     -139.201456*       0.0972
LBFGS:  155 16:22:32     -139.203825*       0.0999
LBFGS:  156 16:22:32     -139.207040*       0.1113
LBFGS:  157 16:22:32     -139.210620*       0.1281
LBFGS:  158 16:22:32     -139.213987*       0.1305
LBFGS:  159 16:22:32     -139.217113*       0.1130
LBFGS:  160 16:22:32     -139.220382*       0.1059
LBFGS:  161 16:22:32     -139.223847*       0.1059
LBFGS:  162 16:22:32     -139.226880*       0.0943
LBFGS:  163 16:22:32     -139.229178*       0.1088
LBFGS:  164 16:22:32     -139.230914*       0.0861
LBFGS:  165 16:22:32     -139.232525*       0.0689
LBFGS:  166 16:22:32     -139.234133*       0.0647
LBFGS:  167 16:22:32     -139.235761*       0.1018
LBFGS:  168 16:22:33     -139.237260*       0.1146
LBFGS:  169 16:22:33     -139.238722*       0.0845
LBFGS:  170 16:22:33     -139.240160*       0.0769
LBFGS:  171 16:22:33     -139.241627*       0.0775
LBFGS:  172 16:22:33     -139.243013*       0.1008
LBFGS:  173 16:22:33     -139.244315*       0.0996
LBFGS:  174 16:22:33     -139.245406*       0.0609
LBFGS:  175 16:22:33     -139.246171*       0.0432
LBFGS:  176 16:22:33     -139.246709*       0.0395
LBFGS:  177 16:22:33     -139.247164*       0.0411
LBFGS:  178 16:22:33     -139.247634*       0.0431
LBFGS:  179 16:22:33     -139.248126*       0.0502
LBFGS:  180 16:22:33     -139.248628*       0.0480
LBFGS:  181 16:22:34     -139.249143*       0.0483
LBFGS:  182 16:22:34     -139.249640*       0.0428
LBFGS:  183 16:22:34     -139.250072*       0.0497
LBFGS:  184 16:22:34     -139.250445*       0.0511
LBFGS:  185 16:22:34     -139.250817*       0.0432
LBFGS:  186 16:22:34     -139.251238*       0.0370
LBFGS:  187 16:22:34     -139.251671*       0.0349
LBFGS:  188 16:22:34     -139.252113*       0.0388
LBFGS:  189 16:22:34     -139.252616*       0.0423
LBFGS:  190 16:22:34     -139.253259*       0.0487
LBFGS:  191 16:22:34     -139.254043*       0.0470
LBFGS:  192 16:22:34     -139.254851*       0.0560
LBFGS:  193 16:22:34     -139.255610*       0.0573
LBFGS:  194 16:22:34     -139.256354*       0.0531
LBFGS:  195 16:22:34     -139.257126*       0.0475
LBFGS:  196 16:22:34     -139.257903*       0.0508
LBFGS:  197 16:22:35     -139.258564*       0.0569
LBFGS:  198 16:22:35     -139.259193*       0.0523
LBFGS:  199 16:22:35     -139.259803*       0.0453
LBFGS:  200 16:22:35     -139.260468*       0.0396
LBFGS:  201 16:22:35     -139.260961*       0.0503
LBFGS:  202 16:22:35     -139.261478*       0.0460
LBFGS:  203 16:22:35     -139.262077*       0.0538
LBFGS:  204 16:22:35     -139.262845*       0.0688
LBFGS:  205 16:22:35     -139.263627*       0.0668
LBFGS:  206 16:22:35     -139.264270*       0.0529
LBFGS:  207 16:22:35     -139.264778*       0.0459
LBFGS:  208 16:22:35     -139.265340*       0.0417
LBFGS:  209 16:22:35     -139.265955*       0.0412
LBFGS:  210 16:22:35     -139.266622*       0.0479
LBFGS:  211 16:22:35     -139.267061*       0.0440
LBFGS:  212 16:22:36     -139.267578*       0.0466
LBFGS:  213 16:22:36     -139.268060*       0.0449
LBFGS:  214 16:22:36     -139.268598*       0.0481
LBFGS:  215 16:22:36     -139.269209*       0.0505
LBFGS:  216 16:22:36     -139.269887*       0.0512
LBFGS:  217 16:22:36     -139.270482*       0.0402
LBFGS:  218 16:22:36     -139.270971*       0.0378
LBFGS:  219 16:22:36     -139.271301*       0.0439
LBFGS:  220 16:22:36     -139.271511*       0.0597
LBFGS:  221 16:22:36     -139.271889*       0.0351
LBFGS:  222 16:22:36     -139.272186*       0.0229
LBFGS:  223 16:22:36     -139.272448*       0.0256
LBFGS:  224 16:22:36     -139.272701*       0.0268
LBFGS:  225 16:22:36     -139.272987*       0.0325
LBFGS:  226 16:22:37     -139.273295*       0.0322
LBFGS:  227 16:22:37     -139.273677*       0.0378
LBFGS:  228 16:22:37     -139.274131*       0.0421
LBFGS:  229 16:22:37     -139.274798*       0.0407
LBFGS:  230 16:22:37     -139.275689*       0.0509
LBFGS:  231 16:22:37     -139.276679*       0.0558
LBFGS:  232 16:22:37     -139.277306*       0.0664
LBFGS:  233 16:22:37     -139.277715*       0.0701
LBFGS:  234 16:22:37     -139.278260*       0.0376
LBFGS:  235 16:22:37     -139.278541*       0.0260
LBFGS:  236 16:22:37     -139.278884*       0.0280
LBFGS:  237 16:22:37     -139.279070*       0.0278
LBFGS:  238 16:22:37     -139.279253*       0.0231
LBFGS:  239 16:22:37     -139.279427*       0.0211
LBFGS:  240 16:22:37     -139.279529*       0.0193
LBFGS:  241 16:22:38     -139.279620*       0.0219
LBFGS:  242 16:22:38     -139.279726*       0.0219
LBFGS:  243 16:22:38     -139.279873*       0.0228
LBFGS:  244 16:22:38     -139.280085*       0.0276
LBFGS:  245 16:22:38     -139.280328*       0.0300
LBFGS:  246 16:22:38     -139.280592*       0.0303
LBFGS:  247 16:22:38     -139.280846*       0.0308
LBFGS:  248 16:22:38     -139.281114*       0.0306
LBFGS:  249 16:22:38     -139.281377*       0.0316
LBFGS:  250 16:22:38     -139.281648*       0.0330
LBFGS:  251 16:22:38     -139.281887*       0.0288
LBFGS:  252 16:22:38     -139.282070*       0.0296
LBFGS:  253 16:22:38     -139.282245*       0.0283
LBFGS:  254 16:22:38     -139.282388*       0.0292
LBFGS:  255 16:22:38     -139.282549*       0.0219
LBFGS:  256 16:22:38     -139.282661*       0.0244
LBFGS:  257 16:22:39     -139.282792*       0.0251
LBFGS:  258 16:22:39     -139.282923*       0.0252
LBFGS:  259 16:22:39     -139.283095*       0.0281
LBFGS:  260 16:22:39     -139.283252*       0.0261
LBFGS:  261 16:22:39     -139.283399*       0.0276
LBFGS:  262 16:22:39     -139.283548*       0.0259
LBFGS:  263 16:22:39     -139.283706*       0.0260
LBFGS:  264 16:22:39     -139.283882*       0.0350
LBFGS:  265 16:22:39     -139.284061*       0.0331
LBFGS:  266 16:22:39     -139.284250*       0.0260
LBFGS:  267 16:22:39     -139.284437*       0.0197
LBFGS:  268 16:22:39     -139.284580*       0.0194
LBFGS:  269 16:22:39     -139.284735*       0.0275
LBFGS:  270 16:22:39     -139.284909*       0.0270
LBFGS:  271 16:22:39     -139.285043*       0.0210
LBFGS:  272 16:22:39     -139.285135*       0.0167
LBFGS:  273 16:22:40     -139.285192*       0.0153
LBFGS:  274 16:22:40     -139.285270*       0.0183
LBFGS:  275 16:22:40     -139.285348*       0.0175
LBFGS:  276 16:22:40     -139.285434*       0.0159
LBFGS:  277 16:22:40     -139.285491*       0.0128
LBFGS:  278 16:22:40     -139.285526*       0.0112
LBFGS:  279 16:22:40     -139.285567*       0.0136
LBFGS:  280 16:22:40     -139.285600*       0.0133
LBFGS:  281 16:22:40     -139.285626*       0.0097
       Step     Time          Energy         fmax
*Force-consistent energies used in optimization.
LBFGS:    0 01:54:12     -128.025519*       5.8110
LBFGS:    1 01:54:12     -128.762056*       4.5757
LBFGS:    2 01:54:12     -129.253808*       1.8643
LBFGS:    3 01:54:12     -129.511372*       1.2911
LBFGS:    4 01:54:12     -129.695328*       0.9686
LBFGS:    5 01:54:12     -129.856094*       1.1476
LBFGS:    6 01:54:12     -130.052292*       0.9653
LBFGS:    7 01:54:12     -130.269115*       1.0400
LBFGS:    8 01:54:12     -130.441857*       1.0182
LBFGS:    9 01:54:12     -130.598049*       0.9722
LBFGS:   10 01:54:12     -130.772294*       1.1221
LBFGS:   11 01:54:13     -130.996594*       1.2814
LBFGS:   12 01:54:13     -131.245860*       1.6032
LBFGS:   13 01:54:13     -131.538465*       1.7688
LBFGS:   14 01:54:13     -131.849641*       1.6554
LBFGS:   15 01:54:13     -132.136154*       1.2736
LBFGS:   16 01:54:13     -132.384034*       1.1459
LBFGS:   17 01:54:13     -132.535603*       0.9550
LBFGS:   18 01:54:13     -132.613161*       0.6185
LBFGS:   19 01:54:13     -132.686901*       0.6590
LBFGS:   20 01:54:13     -132.767269*       0.7526
LBFGS:   21 01:54:13     -132.880628*       0.6595
LBFGS:   22 01:54:13     -132.959889*       0.6314
LBFGS:   23 01:54:13     -133.044270*       0.6459
LBFGS:   24 01:54:14     -133.126959*       0.6824
LBFGS:   25 01:54:14     -133.239756*       0.7228
LBFGS:   26 01:54:14     -133.360049*       0.8166
LBFGS:   27 01:54:14     -133.467978*       0.6149
LBFGS:   28 01:54:14     -133.567651*       0.6319
LBFGS:   29 01:54:14     -133.673976*       0.7550
LBFGS:   30 01:54:14     -133.809485*       0.8864
LBFGS:   31 01:54:14     -133.974640*       0.9279
LBFGS:   32 01:54:14     -134.171132*       1.0098
LBFGS:   33 01:54:14     -134.357687*       1.1087
LBFGS:   34 01:54:14     -134.532603*       1.0360
LBFGS:   35 01:54:14     -134.674166*       1.0409
LBFGS:   36 01:54:14     -134.858494*       1.1873
LBFGS:   37 01:54:14     -135.017852*       0.9140
LBFGS:   38 01:54:14     -135.184786*       0.9758
LBFGS:   39 01:54:15     -135.303521*       0.9774
LBFGS:   40 01:54:15     -135.431701*       0.7167
LBFGS:   41 01:54:15     -135.527607*       0.6969
LBFGS:   42 01:54:15     -135.613182*       0.5593
LBFGS:   43 01:54:15     -135.680694*       0.6300
LBFGS:   44 01:54:15     -135.726348*       0.3647
LBFGS:   45 01:54:15     -135.756310*       0.3813
LBFGS:   46 01:54:15     -135.784569*       0.2499
LBFGS:   47 01:54:15     -135.804668*       0.2847
LBFGS:   48 01:54:15     -135.821815*       0.3065
LBFGS:   49 01:54:15     -135.837193*       0.2777
LBFGS:   50 01:54:15     -135.852345*       0.2334
LBFGS:   51 01:54:15     -135.867669*       0.2894
LBFGS:   52 01:54:15     -135.884877*       0.3184
LBFGS:   53 01:54:15     -135.905890*       0.3251
LBFGS:   54 01:54:16     -135.932384*       0.3602
LBFGS:   55 01:54:16     -135.964105*       0.4876
LBFGS:   56 01:54:16     -135.999534*       0.6047
LBFGS:   57 01:54:16     -136.038880*       0.5822
LBFGS:   58 01:54:16     -136.084448*       0.6490
LBFGS:   59 01:54:16     -136.150861*       0.5637
LBFGS:   60 01:54:16     -136.221618*       1.0824
LBFGS:   61 01:54:16     -136.323819*       0.8962
LBFGS:   62 01:54:16     -136.394003*       1.5674
LBFGS:   63 01:54:16     -136.593719*       0.8474
LBFGS:   64 01:54:16     -136.752426*       1.0151
LBFGS:   65 01:54:16     -136.967525*       1.0182
LBFGS:   66 01:54:16     -137.107436*       1.4494
LBFGS:   67 01:54:16     -137.020860*       4.3809
LBFGS:   68 01:54:16     -137.226193*       1.3208
LBFGS:   69 01:54:17     -137.218648*       1.3509
LBFGS:   70 01:54:17     -137.345887*       0.5310
LBFGS:   71 01:54:17     -137.390517*       0.6941
LBFGS:   72 01:54:17     -137.478446*       0.7696
LBFGS:   73 01:54:17     -137.642167*       0.8344
LBFGS:   74 01:54:17     -137.772916*       0.6969
LBFGS:   75 01:54:17     -137.871013*       1.0246
LBFGS:   76 01:54:17     -137.979424*       1.3625
LBFGS:   77 01:54:17     -138.073212*       0.6564
LBFGS:   78 01:54:17     -138.169698*       0.9814
LBFGS:   79 01:54:17     -138.236098*       0.4987
LBFGS:   80 01:54:17     -138.280421*       0.4004
LBFGS:   81 01:54:17     -138.314406*       0.3209
LBFGS:   82 01:54:17     -138.344317*       0.2973
LBFGS:   83 01:54:17     -138.376658*       0.4100
LBFGS:   84 01:54:18     -138.408490*       0.3554
LBFGS:   85 01:54:18     -138.435258*       0.3510
LBFGS:   86 01:54:18     -138.459081*       0.3105
LBFGS:   87 01:54:18     -138.477827*       0.2238
LBFGS:   88 01:54:18     -138.490107*       0.2189
LBFGS:   89 01:54:18     -138.499009*       0.2672
LBFGS:   90 01:54:18     -138.508974*       0.2369
LBFGS:   91 01:54:18     -138.520207*       0.1931
LBFGS:   92 01:54:18     -138.529773*       0.1667
LBFGS:   93 01:54:18     -138.537547*       0.1428
LBFGS:   94 01:54:18     -138.544644*       0.1422
LBFGS:   95 01:54:18     -138.551537*       0.1778
LBFGS:   96 01:54:18     -138.557753*       0.1511
LBFGS:   97 01:54:18     -138.563303*       0.1647
LBFGS:   98 01:54:19     -138.569124*       0.1888
LBFGS:   99 01:54:19     -138.576550*       0.2099
LBFGS:  100 01:54:19     -138.587380*       0.2149
LBFGS:  101 01:54:19     -138.602892*       0.2570
LBFGS:  102 01:54:19     -138.622566*       0.3493
LBFGS:  103 01:54:19     -138.641677*       0.2957
LBFGS:  104 01:54:19     -138.659629*       0.2487
LBFGS:  105 01:54:19     -138.674817*       0.3717
LBFGS:  106 01:54:19     -138.690269*       0.3096
LBFGS:  107 01:54:19     -138.705536*       0.1947
LBFGS:  108 01:54:19     -138.714062*       0.1483
LBFGS:  109 01:54:19     -138.721454*       0.1524
LBFGS:  110 01:54:19     -138.727525*       0.1449
LBFGS:  111 01:54:19     -138.734003*       0.1793
LBFGS:  112 01:54:19     -138.740948*       0.1777
LBFGS:  113 01:54:20     -138.747939*       0.1591
LBFGS:  114 01:54:20     -138.753952*       0.1301
LBFGS:  115 01:54:20     -138.759967*       0.1499
LBFGS:  116 01:54:20     -138.767356*       0.1692
LBFGS:  117 01:54:20     -138.775711*       0.2096
LBFGS:  118 01:54:20     -138.782691*       0.1746
LBFGS:  119 01:54:20     -138.789399*       0.1931
LBFGS:  120 01:54:20     -138.794520*       0.1551
LBFGS:  121 01:54:20     -138.799868*       0.1099
LBFGS:  122 01:54:20     -138.803647*       0.1104
LBFGS:  123 01:54:20     -138.808265*       0.1548
LBFGS:  124 01:54:20     -138.812798*       0.1773
LBFGS:  125 01:54:20     -138.818941*       0.1710
LBFGS:  126 01:54:20     -138.826267*       0.1484
LBFGS:  127 01:54:20     -138.834933*       0.1537
LBFGS:  128 01:54:21     -138.843390*       0.2505
LBFGS:  129 01:54:21     -138.848630*       0.1459
LBFGS:  130 01:54:21     -138.853760*       0.1324
LBFGS:  131 01:54:21     -138.857497*       0.1359
LBFGS:  132 01:54:21     -138.861706*       0.1128
LBFGS:  133 01:54:21     -138.865338*       0.1362
LBFGS:  134 01:54:21     -138.870746*       0.1581
LBFGS:  135 01:54:21     -138.879106*       0.1903
LBFGS:  136 01:54:21     -138.894386*       0.3076
LBFGS:  137 01:54:21     -138.925965*       0.7484
LBFGS:  138 01:54:21     -138.925097*       0.7385
LBFGS:  139 01:54:21     -138.952694*       1.1492
LBFGS:  140 01:54:21     -138.979328*       0.7092
LBFGS:  141 01:54:21     -139.057428*       0.5969
LBFGS:  142 01:54:21     -139.076438*       0.5190
LBFGS:  143 01:54:22     -139.119846*       0.3260
LBFGS:  144 01:54:22     -139.144962*       0.1954
LBFGS:  145 01:54:22     -139.158271*       0.2447
LBFGS:  146 01:54:22     -139.166860*       0.2498
LBFGS:  147 01:54:22     -139.176180*       0.2232
LBFGS:  148 01:54:22     -139.181189*       0.1454
LBFGS:  149 01:54:22     -139.185470*       0.1322
LBFGS:  150 01:54:22     -139.188965*       0.0969
LBFGS:  151 01:54:22     -139.192472*       0.0980
LBFGS:  152 01:54:22     -139.195785*       0.0887
LBFGS:  153 01:54:22     -139.198674*       0.0913
LBFGS:  154 01:54:22     -139.200901*       0.0961
LBFGS:  155 01:54:22     -139.203111*       0.0915
LBFGS:  156 01:54:22     -139.205979*       0.1029
LBFGS:  157 01:54:22     -139.209503*       0.1243
LBFGS:  158 01:54:23     -139.213096*       0.1332
LBFGS:  159 01:54:23     -139.216324*       0.1172
LBFGS:  160 01:54:23     -139.219461*       0.1035
LBFGS:  161 01:54:23     -139.222765*       0.1012
LBFGS:  162 01:54:23     -139.225915*       0.1165
LBFGS:  163 01:54:23     -139.228478*       0.0998
LBFGS:  164 01:54:23     -139.230441*       0.1012
LBFGS:  165 01:54:23     -139.232113*       0.0718
LBFGS:  166 01:54:23     -139.233685*       0.0645
LBFGS:  167 01:54:23     -139.235256*       0.0749
LBFGS:  168 01:54:23     -139.236756*       0.1098
LBFGS:  169 01:54:23     -139.238283*       0.1046
LBFGS:  170 01:54:23     -139.239767*       0.0696
LBFGS:  171 01:54:23     -139.241218*       0.0784
LBFGS:  172 01:54:24     -139.242548*       0.0879
LBFGS:  173 01:54:24     -139.243855*       0.1081
LBFGS:  174 01:54:24     -139.245078*       0.0857
LBFGS:  175 01:54:24     -139.246005*       0.0457
LBFGS:  176 01:54:24     -139.246575*       0.0412
LBFGS:  177 01:54:24     -139.247054*       0.0388
LBFGS:  178 01:54:24     -139.247509*       0.0401
LBFGS:  179 01:54:24     -139.247974*       0.0479
LBFGS:  180 01:54:24     -139.248458*       0.0527
LBFGS:  181 01:54:24     -139.248982*       0.0479
LBFGS:  182 01:54:24     -139.249523*       0.0447
LBFGS:  183 01:54:24     -139.249993*       0.0481
LBFGS:  184 01:54:24     -139.250381*       0.0502
LBFGS:  185 01:54:25     -139.250754*       0.0467
LBFGS:  186 01:54:25     -139.251142*       0.0383
LBFGS:  187 01:54:25     -139.251562*       0.0393
LBFGS:  188 01:54:25     -139.251985*       0.0392
LBFGS:  189 01:54:25     -139.252460*       0.0395
LBFGS:  190 01:54:25     -139.253026*       0.0412
LBFGS:  191 01:54:25     -139.253753*       0.0463
LBFGS:  192 01:54:25     -139.254582*       0.0571
LBFGS:  193 01:54:25     -139.255383*       0.0620
LBFGS:  194 01:54:25     -139.256137*       0.0592
LBFGS:  195 01:54:25     -139.256915*       0.0607
LBFGS:  196 01:54:25     -139.257665*       0.0462
LBFGS:  197 01:54:25     -139.258384*       0.0497
LBFGS:  198 01:54:25     -139.259009*       0.0489
LBFGS:  199 01:54:25     -139.259677*       0.0468
LBFGS:  200 01:54:26     -139.260300*       0.0497
LBFGS:  201 01:54:26     -139.260904*       0.0432
LBFGS:  202 01:54:26     -139.261390*       0.0464
LBFGS:  203 01:54:26     -139.261925*       0.0466
LBFGS:  204 01:54:26     -139.262601*       0.0675
LBFGS:  205 01:54:26     -139.263424*       0.0768
LBFGS:  206 01:54:26     -139.264135*       0.0638
LBFGS:  207 01:54:26     -139.264753*       0.0446
LBFGS:  208 01:54:26     -139.265223*       0.0483
LBFGS:  209 01:54:26     -139.265808*       0.0434
LBFGS:  210 01:54:26     -139.266409*       0.0414
LBFGS:  211 01:54:26     -139.266951*       0.0425
LBFGS:  212 01:54:26     -139.267398*       0.0480
LBFGS:  213 01:54:26     -139.267967*       0.0498
LBFGS:  214 01:54:27     -139.268497*       0.0486
LBFGS:  215 01:54:27     -139.269051*       0.0578
LBFGS:  216 01:54:27     -139.269609*       0.0520
LBFGS:  217 01:54:27     -139.270263*       0.0447
LBFGS:  218 01:54:27     -139.270838*       0.0429
LBFGS:  219 01:54:27     -139.271230*       0.0380
LBFGS:  220 01:54:27     -139.271483*       0.0508
LBFGS:  221 01:54:27     -139.271812*       0.0356
LBFGS:  222 01:54:27     -139.272153*       0.0278
LBFGS:  223 01:54:27     -139.272406*       0.0331
LBFGS:  224 01:54:27     -139.272657*       0.0300
LBFGS:  225 01:54:27     -139.272903*       0.0321
LBFGS:  226 01:54:27     -139.273212*       0.0334
LBFGS:  227 01:54:27     -139.273599*       0.0335
LBFGS:  228 01:54:27     -139.274092*       0.0448
LBFGS:  229 01:54:27     -139.274671*       0.0475
LBFGS:  230 01:54:28     -139.275438*       0.0477
LBFGS:  231 01:54:28     -139.276306*       0.0546
LBFGS:  232 01:54:28     -139.277013*       0.0651
LBFGS:  233 01:54:28     -139.277548*       0.0859
LBFGS:  234 01:54:28     -139.278212*       0.0420
LBFGS:  235 01:54:28     -139.278588*       0.0257
LBFGS:  236 01:54:28     -139.278857*       0.0288
LBFGS:  237 01:54:28     -139.279048*       0.0281
LBFGS:  238 01:54:28     -139.279236*       0.0232
LBFGS:  239 01:54:28     -139.279414*       0.0203
LBFGS:  240 01:54:28     -139.279548*       0.0181
LBFGS:  241 01:54:28     -139.279655*       0.0194
LBFGS:  242 01:54:28     -139.279744*       0.0225
LBFGS:  243 01:54:28     -139.279851*       0.0234
LBFGS:  244 01:54:29     -139.280042*       0.0241
LBFGS:  245 01:54:29     -139.280264*       0.0302
LBFGS:  246 01:54:29     -139.280522*       0.0308
LBFGS:  247 01:54:29     -139.280803*       0.0307
LBFGS:  248 01:54:29     -139.281104*       0.0285
LBFGS:  249 01:54:29     -139.281453*       0.0358
LBFGS:  250 01:54:29     -139.281757*       0.0387
LBFGS:  251 01:54:29     -139.282000*       0.0329
LBFGS:  252 01:54:29     -139.282128*       0.0461
LBFGS:  253 01:54:29     -139.282303*       0.0243
LBFGS:  254 01:54:29     -139.282437*       0.0197
LBFGS:  255 01:54:29     -139.282618*       0.0215
LBFGS:  256 01:54:29     -139.282701*       0.0222
LBFGS:  257 01:54:29     -139.282853*       0.0249
LBFGS:  258 01:54:29     -139.282974*       0.0233
LBFGS:  259 01:54:30     -139.283129*       0.0256
LBFGS:  260 01:54:30     -139.283317*       0.0285
LBFGS:  261 01:54:30     -139.283513*       0.0300
LBFGS:  262 01:54:30     -139.283673*       0.0284
LBFGS:  263 01:54:30     -139.283806*       0.0240
LBFGS:  264 01:54:30     -139.283943*       0.0266
LBFGS:  265 01:54:30     -139.284081*       0.0282
LBFGS:  266 01:54:30     -139.284258*       0.0222
LBFGS:  267 01:54:30     -139.284451*       0.0224
LBFGS:  268 01:54:30     -139.284584*       0.0246
LBFGS:  269 01:54:30     -139.284741*       0.0249
LBFGS:  270 01:54:30     -139.284934*       0.0225
LBFGS:  271 01:54:30     -139.285079*       0.0233
LBFGS:  272 01:54:30     -139.285175*       0.0204
LBFGS:  273 01:54:30     -139.285244*       0.0157
LBFGS:  274 01:54:31     -139.285318*       0.0137
LBFGS:  275 01:54:31     -139.285409*       0.0151
LBFGS:  276 01:54:31     -139.285482*       0.0169
LBFGS:  277 01:54:31     -139.285528*       0.0194
LBFGS:  278 01:54:31     -139.285549*       0.0130
LBFGS:  279 01:54:31     -139.285575*       0.0105
LBFGS:  280 01:54:31     -139.285637*       0.0120
LBFGS:  281 01:54:31     -139.285656*       0.0116
LBFGS:  282 01:54:31     -139.285678*       0.0105
LBFGS:  283 01:54:31     -139.285702*       0.0111
LBFGS:  284 01:54:31     -139.285725*       0.0095
